<?xml version='1.0' encoding='UTF-8'?>
<testsuite hostname="LAPTOP-7OEJUPM7" name="fosd.net.bdd.VTest" tests="9" errors="0" failures="0" skipped="0" time="0.359" timestamp="2020-07-15T17:59:35">
                     <properties>
[...]
</properties>
                     <testcase classname="fosd.net.bdd.VTest" name="mk" time="0.132">
                                                 
                                               </testcase><testcase classname="fosd.net.bdd.VTest" name="union" time="0.006">
                                                 
                                               </testcase><testcase classname="fosd.net.bdd.VTest" name="select" time="0.069">
                                                 
                                               </testcase><testcase classname="fosd.net.bdd.VTest" name="choice" time="0.007">
                                                 
                                               </testcase><testcase classname="fosd.net.bdd.VTest" name="map" time="0.01">
                                                 
                                               </testcase><testcase classname="fosd.net.bdd.VTest" name="mapPair" time="0.022">
                                                 
                                               </testcase><testcase classname="fosd.net.bdd.VTest" name="set" time="0.025">
                                                 
                                               </testcase><testcase classname="fosd.net.bdd.VTest" name="ite" time="0.006">
                                                 
                                               </testcase><testcase classname="fosd.net.bdd.VTest" name="flatMap" time="0.082">
                                                 
                                               </testcase>
                     <system-out><![CDATA[]]></system-out>
                     <system-err><![CDATA[]]></system-err>
                   </testsuite>