<?xml version='1.0' encoding='UTF-8'?>
<testsuite hostname="LAPTOP-7OEJUPM7" name="edu.cmu.cs.varex.vbdd.VBDDTest" tests="12" errors="0" failures="1" skipped="0" time="0.158" timestamp="2020-07-15T17:59:35">
                     <properties>
[...]
</properties>
                     <testcase classname="edu.cmu.cs.varex.vbdd.VBDDTest" name="flatMapNew" time="0.034">
                                                 
                                               </testcase><testcase classname="edu.cmu.cs.varex.vbdd.VBDDTest" name="select" time="0.003">
                                                 
                                               </testcase><testcase classname="edu.cmu.cs.varex.vbdd.VBDDTest" name="flatMap" time="0.01">
                                                 
                                               </testcase><testcase classname="edu.cmu.cs.varex.vbdd.VBDDTest" name="foreach" time="0.013">
                                                 
                                               </testcase><testcase classname="edu.cmu.cs.varex.vbdd.VBDDTest" name="ite" time="0.058">
                                                 
                                               </testcase><testcase classname="edu.cmu.cs.varex.vbdd.VBDDTest" name="map" time="0.004">
                                                 
                                               </testcase><testcase classname="edu.cmu.cs.varex.vbdd.VBDDTest" name="nITE" time="0.003">
                                                 
                                               </testcase><testcase classname="edu.cmu.cs.varex.vbdd.VBDDTest" name="when" time="0.005">
                                                 
                                               </testcase><testcase classname="edu.cmu.cs.varex.vbdd.VBDDTest" name="configSpace" time="0.012">
                                                 <failure message="java.lang.AssertionError: expected:&lt;edu.cmu.cs.varex.vbdd.VNodeImpl@117a2&gt; but was:&lt;edu.cmu.cs.varex.vbdd.VNodeImpl@800081b8&gt;" type="sbt.ForkMain$ForkError">sbt.ForkMain$ForkError: java.lang.AssertionError: expected:&lt;edu.cmu.cs.varex.vbdd.VNodeImpl@117a2&gt; but was:&lt;edu.cmu.cs.varex.vbdd.VNodeImpl@800081b8&gt;
	at org.junit.Assert.fail(Assert.java:88)
	at org.junit.Assert.failNotEquals(Assert.java:834)
	at org.junit.Assert.assertEquals(Assert.java:118)
	at org.junit.Assert.assertEquals(Assert.java:144)
	at edu.cmu.cs.varex.vbdd.VBDDTest.configSpace(VBDDTest.java:166)
	at java.base/jdk.internal.reflect.NativeMethodAccessorImpl.invoke0(Native Method)
	at java.base/jdk.internal.reflect.NativeMethodAccessorImpl.invoke(NativeMethodAccessorImpl.java:62)
	at java.base/jdk.internal.reflect.DelegatingMethodAccessorImpl.invoke(DelegatingMethodAccessorImpl.java:43)
	at java.base/java.lang.reflect.Method.invoke(Method.java:567)
	at org.junit.runners.model.FrameworkMethod$1.runReflectiveCall(FrameworkMethod.java:50)
	at org.junit.internal.runners.model.ReflectiveCallable.run(ReflectiveCallable.java:12)
	at org.junit.runners.model.FrameworkMethod.invokeExplosively(FrameworkMethod.java:47)
	at org.junit.internal.runners.statements.InvokeMethod.evaluate(InvokeMethod.java:17)
	at org.junit.runners.ParentRunner.runLeaf(ParentRunner.java:325)
	at org.junit.runners.BlockJUnit4ClassRunner.runChild(BlockJUnit4ClassRunner.java:78)
	at org.junit.runners.BlockJUnit4ClassRunner.runChild(BlockJUnit4ClassRunner.java:57)
	at org.junit.runners.ParentRunner$3.run(ParentRunner.java:290)
	at org.junit.runners.ParentRunner$1.schedule(ParentRunner.java:71)
	at org.junit.runners.ParentRunner.runChildren(ParentRunner.java:288)
	at org.junit.runners.ParentRunner.access$000(ParentRunner.java:58)
	at org.junit.runners.ParentRunner$2.evaluate(ParentRunner.java:268)
	at org.junit.internal.runners.statements.RunBefores.evaluate(RunBefores.java:26)
	at org.junit.runners.ParentRunner.run(ParentRunner.java:363)
	at org.junit.runners.Suite.runChild(Suite.java:128)
	at org.junit.runners.Suite.runChild(Suite.java:27)
	at org.junit.runners.ParentRunner$3.run(ParentRunner.java:290)
	at org.junit.runners.ParentRunner$1.schedule(ParentRunner.java:71)
	at org.junit.runners.ParentRunner.runChildren(ParentRunner.java:288)
	at org.junit.runners.ParentRunner.access$000(ParentRunner.java:58)
	at org.junit.runners.ParentRunner$2.evaluate(ParentRunner.java:268)
	at org.junit.runners.ParentRunner.run(ParentRunner.java:363)
	at org.junit.runner.JUnitCore.run(JUnitCore.java:137)
	at org.junit.runner.JUnitCore.run(JUnitCore.java:115)
	at com.novocode.junit.JUnitRunner$1.execute(JUnitRunner.java:132)
	at sbt.ForkMain$Run.lambda$runTest$1(ForkMain.java:304)
	at java.base/java.util.concurrent.FutureTask.run(FutureTask.java:264)
	at java.base/java.util.concurrent.ThreadPoolExecutor.runWorker(ThreadPoolExecutor.java:1128)
	at java.base/java.util.concurrent.ThreadPoolExecutor$Worker.run(ThreadPoolExecutor.java:628)
	at java.base/java.lang.Thread.run(Thread.java:830)
</failure>
                                               </testcase><testcase classname="edu.cmu.cs.varex.vbdd.VBDDTest" name="apply" time="0.009">
                                                 
                                               </testcase><testcase classname="edu.cmu.cs.varex.vbdd.VBDDTest" name="createFeature" time="0.006">
                                                 
                                               </testcase><testcase classname="edu.cmu.cs.varex.vbdd.VBDDTest" name="createValues" time="0.001">
                                                 
                                               </testcase>
                     <system-out><![CDATA[]]></system-out>
                     <system-err><![CDATA[]]></system-err>
                   </testsuite>